<?xml version="1.0" encoding="UTF-8"?>
<robot generator="Robot 4.1.3 (Python 3.9.10 on darwin)" generated="20220419 08:34:54.447" rpa="false" schemaversion="2">
<suite id="s1" name="Noona Tests" source="/Users/neptune/PycharmProjects/Varian_demoApp/noona_tests.robot">
<test id="s1-t1" name="Check that page is correctly loaded">
<kw name="Navigate to Login page" library="keywords">
<kw name="Open Browser" library="SeleniumLibrary">
<arg>${URL}</arg>
<arg>${BROWSER}</arg>
<doc>Opens a new browser instance to the optional ``url``.</doc>
<msg timestamp="20220419 08:34:55.630" level="INFO">Opening browser 'chrome' to base url 'https://demo.patient.noonatest.com/patient/#/login'.</msg>
<status status="PASS" starttime="20220419 08:34:55.629" endtime="20220419 08:34:59.968"/>
</kw>
<status status="PASS" starttime="20220419 08:34:55.629" endtime="20220419 08:34:59.968"/>
</kw>
<kw name="Maximize window" library="keywords">
<kw name="Maximize Browser Window" library="SeleniumLibrary">
<doc>Maximizes current browser window.</doc>
<status status="PASS" starttime="20220419 08:34:59.969" endtime="20220419 08:35:00.197"/>
</kw>
<kw name="Set Selenium Implicit Wait" library="SeleniumLibrary">
<arg>10s</arg>
<doc>Sets the implicit wait value used by Selenium.</doc>
<status status="PASS" starttime="20220419 08:35:00.198" endtime="20220419 08:35:00.201"/>
</kw>
<status status="PASS" starttime="20220419 08:34:59.969" endtime="20220419 08:35:00.201"/>
</kw>
<kw name="Assert that page is correctly loaded" library="keywords">
<kw name="Wait Until Element Is Enabled" library="SeleniumLibrary">
<arg>${LANGUAGE_SELECTOR}</arg>
<doc>Waits until the element ``locator`` is enabled.</doc>
<status status="PASS" starttime="20220419 08:35:00.202" endtime="20220419 08:35:00.624"/>
</kw>
<kw name="Wait Until Element Is Visible" library="SeleniumLibrary">
<arg>${NOONA_PAGE_LOGO}</arg>
<doc>Waits until the element ``locator`` is visible.</doc>
<status status="PASS" starttime="20220419 08:35:00.624" endtime="20220419 08:35:00.914"/>
</kw>
<kw name="Wait Until Element Is Visible" library="SeleniumLibrary">
<arg>${EMAIL_FIELD}</arg>
<doc>Waits until the element ``locator`` is visible.</doc>
<status status="PASS" starttime="20220419 08:35:00.914" endtime="20220419 08:35:00.939"/>
</kw>
<kw name="Wait Until Element Is Enabled" library="SeleniumLibrary">
<arg>${EMAIL_FIELD}</arg>
<doc>Waits until the element ``locator`` is enabled.</doc>
<status status="PASS" starttime="20220419 08:35:00.940" endtime="20220419 08:35:00.968"/>
</kw>
<kw name="Wait Until Element Is Visible" library="SeleniumLibrary">
<arg>${PASSWORD_FIELD}</arg>
<doc>Waits until the element ``locator`` is visible.</doc>
<status status="PASS" starttime="20220419 08:35:00.968" endtime="20220419 08:35:00.990"/>
</kw>
<kw name="Wait Until Element Is Enabled" library="SeleniumLibrary">
<arg>${PASSWORD_FIELD}</arg>
<doc>Waits until the element ``locator`` is enabled.</doc>
<status status="PASS" starttime="20220419 08:35:00.990" endtime="20220419 08:35:01.017"/>
</kw>
<kw name="Wait Until Element Is Visible" library="SeleniumLibrary">
<arg>${LOGINBUTTON}</arg>
<doc>Waits until the element ``locator`` is visible.</doc>
<status status="PASS" starttime="20220419 08:35:01.017" endtime="20220419 08:35:01.038"/>
</kw>
<kw name="Wait Until Element Is Enabled" library="SeleniumLibrary">
<arg>${PROBLEMS_LOGGIN_IN}</arg>
<doc>Waits until the element ``locator`` is enabled.</doc>
<status status="PASS" starttime="20220419 08:35:01.038" endtime="20220419 08:35:01.076"/>
</kw>
<kw name="Wait Until Element Is Enabled" library="SeleniumLibrary">
<arg>${DONT_HAVE_AN_ACCT}</arg>
<doc>Waits until the element ``locator`` is enabled.</doc>
<status status="PASS" starttime="20220419 08:35:01.076" endtime="20220419 08:35:01.104"/>
</kw>
<kw name="Wait Until Element Is Enabled" library="SeleniumLibrary">
<arg>${PRIVACY_STATEMENT}</arg>
<doc>Waits until the element ``locator`` is enabled.</doc>
<status status="PASS" starttime="20220419 08:35:01.105" endtime="20220419 08:35:01.133"/>
</kw>
<kw name="Wait Until Element Is Enabled" library="SeleniumLibrary">
<arg>${ABOUT}</arg>
<doc>Waits until the element ``locator`` is enabled.</doc>
<status status="PASS" starttime="20220419 08:35:01.133" endtime="20220419 08:35:01.161"/>
</kw>
<kw name="Page Should Contain" library="SeleniumLibrary">
<arg>Language</arg>
<doc>Verifies that current page contains ``text``.</doc>
<msg timestamp="20220419 08:35:01.176" level="INFO">Current page contains text 'Language'.</msg>
<status status="PASS" starttime="20220419 08:35:01.162" endtime="20220419 08:35:01.176"/>
</kw>
<kw name="Page Should Contain" library="SeleniumLibrary">
<arg>Welcome to Noona</arg>
<doc>Verifies that current page contains ``text``.</doc>
<msg timestamp="20220419 08:35:01.191" level="INFO">Current page contains text 'Welcome to Noona'.</msg>
<status status="PASS" starttime="20220419 08:35:01.176" endtime="20220419 08:35:01.191"/>
</kw>
<kw name="Page Should Contain" library="SeleniumLibrary">
<arg>Please enter your email address and password.</arg>
<doc>Verifies that current page contains ``text``.</doc>
<msg timestamp="20220419 08:35:01.205" level="INFO">Current page contains text 'Please enter your email address and password.'.</msg>
<status status="PASS" starttime="20220419 08:35:01.191" endtime="20220419 08:35:01.206"/>
</kw>
<kw name="Page Should Contain" library="SeleniumLibrary">
<arg>2022 Varian Medical Systems, Inc.</arg>
<doc>Verifies that current page contains ``text``.</doc>
<msg timestamp="20220419 08:35:01.220" level="INFO">Current page contains text '2022 Varian Medical Systems, Inc.'.</msg>
<status status="PASS" starttime="20220419 08:35:01.206" endtime="20220419 08:35:01.221"/>
</kw>
<kw name="Capture Page Screenshot" library="SeleniumLibrary">
<arg>pageScreenshot.png</arg>
<doc>Takes a screenshot of the current page and embeds it into a log file.</doc>
<msg timestamp="20220419 08:35:01.373" level="INFO" html="true">&lt;/td&gt;&lt;/tr&gt;&lt;tr&gt;&lt;td colspan="3"&gt;&lt;a href="pageScreenshot.png"&gt;&lt;img src="pageScreenshot.png" width="800px"&gt;&lt;/a&gt;</msg>
<status status="PASS" starttime="20220419 08:35:01.221" endtime="20220419 08:35:01.373"/>
</kw>
<kw name="Get Title" library="SeleniumLibrary">
<var>${page_title}</var>
<doc>Returns the title of the current page.</doc>
<msg timestamp="20220419 08:35:01.379" level="INFO">${page_title} = Log in - Noona</msg>
<status status="PASS" starttime="20220419 08:35:01.373" endtime="20220419 08:35:01.379"/>
</kw>
<kw name="Log To Console" library="BuiltIn">
<arg>${page_title}</arg>
<doc>Logs the given message to the console.</doc>
<status status="PASS" starttime="20220419 08:35:01.379" endtime="20220419 08:35:01.379"/>
</kw>
<kw name="Get Location" library="SeleniumLibrary">
<var>${page_url}</var>
<doc>Returns the current browser window URL.</doc>
<msg timestamp="20220419 08:35:01.384" level="INFO">${page_url} = https://demo.patient.noonatest.com/patient/#/login</msg>
<status status="PASS" starttime="20220419 08:35:01.379" endtime="20220419 08:35:01.384"/>
</kw>
<kw name="Log To Console" library="BuiltIn">
<arg>${page_url}</arg>
<doc>Logs the given message to the console.</doc>
<status status="PASS" starttime="20220419 08:35:01.385" endtime="20220419 08:35:01.385"/>
</kw>
<kw name="Sleep" library="BuiltIn">
<arg>3s</arg>
<doc>Pauses the test executed for the given time.</doc>
<msg timestamp="20220419 08:35:04.388" level="INFO">Slept 3 seconds</msg>
<status status="PASS" starttime="20220419 08:35:01.385" endtime="20220419 08:35:04.388"/>
</kw>
<status status="PASS" starttime="20220419 08:35:00.202" endtime="20220419 08:35:04.388"/>
</kw>
<kw name="Close Browser" library="SeleniumLibrary">
<doc>Closes the current browser.</doc>
<status status="PASS" starttime="20220419 08:35:04.389" endtime="20220419 08:35:04.554"/>
</kw>
<tag>PGLOAD</tag>
<status status="PASS" starttime="20220419 08:34:55.627" endtime="20220419 08:35:04.555"/>
</test>
<test id="s1-t2" name="Invalid login credentials should return the right error message">
<kw name="Navigate to Login page" library="keywords">
<kw name="Open Browser" library="SeleniumLibrary">
<arg>${URL}</arg>
<arg>${BROWSER}</arg>
<doc>Opens a new browser instance to the optional ``url``.</doc>
<msg timestamp="20220419 08:35:04.564" level="INFO">Opening browser 'chrome' to base url 'https://demo.patient.noonatest.com/patient/#/login'.</msg>
<status status="PASS" starttime="20220419 08:35:04.561" endtime="20220419 08:35:08.320"/>
</kw>
<status status="PASS" starttime="20220419 08:35:04.559" endtime="20220419 08:35:08.321"/>
</kw>
<kw name="Maximize window" library="keywords">
<kw name="Maximize Browser Window" library="SeleniumLibrary">
<doc>Maximizes current browser window.</doc>
<status status="PASS" starttime="20220419 08:35:08.322" endtime="20220419 08:35:08.509"/>
</kw>
<kw name="Set Selenium Implicit Wait" library="SeleniumLibrary">
<arg>10s</arg>
<doc>Sets the implicit wait value used by Selenium.</doc>
<status status="PASS" starttime="20220419 08:35:08.509" endtime="20220419 08:35:08.511"/>
</kw>
<status status="PASS" starttime="20220419 08:35:08.321" endtime="20220419 08:35:08.511"/>
</kw>
<kw name="Enter an invalid login email address" library="keywords">
<kw name="Email" library="FakerLibrary">
<var>${email}</var>
<msg timestamp="20220419 08:35:08.516" level="INFO">${email} = heathercrawford@example.com</msg>
<status status="PASS" starttime="20220419 08:35:08.513" endtime="20220419 08:35:08.516"/>
</kw>
<kw name="Log" library="BuiltIn">
<arg>${email}</arg>
<doc>Logs the given message with the given level.</doc>
<msg timestamp="20220419 08:35:08.517" level="INFO">heathercrawford@example.com</msg>
<status status="PASS" starttime="20220419 08:35:08.517" endtime="20220419 08:35:08.518"/>
</kw>
<kw name="Set Test Variable" library="BuiltIn">
<arg>${email}</arg>
<doc>Makes a variable available everywhere within the scope of the current test.</doc>
<msg timestamp="20220419 08:35:08.519" level="INFO">${email} = heathercrawford@example.com</msg>
<status status="PASS" starttime="20220419 08:35:08.518" endtime="20220419 08:35:08.519"/>
</kw>
<kw name="Wait Until Element Is Enabled" library="SeleniumLibrary">
<arg>${EMAIL_FIELD}</arg>
<arg>10s</arg>
<doc>Waits until the element ``locator`` is enabled.</doc>
<status status="PASS" starttime="20220419 08:35:08.520" endtime="20220419 08:35:09.008"/>
</kw>
<kw name="Input Text" library="SeleniumLibrary">
<arg>${EMAIL_FIELD}</arg>
<arg>${email}</arg>
<doc>Types the given ``text`` into the text field identified by ``locator``.</doc>
<msg timestamp="20220419 08:35:09.008" level="INFO">Typing text 'heathercrawford@example.com' into text field 'xpath://input[@id='email']'.</msg>
<status status="PASS" starttime="20220419 08:35:09.008" endtime="20220419 08:35:09.439"/>
</kw>
<status status="PASS" starttime="20220419 08:35:08.512" endtime="20220419 08:35:09.439"/>
</kw>
<kw name="Enter an invalid login password" library="keywords">
<kw name="Wait Until Element Is Enabled" library="SeleniumLibrary">
<arg>${PASSWORD_FIELD}</arg>
<arg>10s</arg>
<doc>Waits until the element ``locator`` is enabled.</doc>
<status status="PASS" starttime="20220419 08:35:09.440" endtime="20220419 08:35:09.506"/>
</kw>
<kw name="Input Text" library="SeleniumLibrary">
<arg>${PASSWORD_FIELD}</arg>
<arg>Testing</arg>
<doc>Types the given ``text`` into the text field identified by ``locator``.</doc>
<msg timestamp="20220419 08:35:09.507" level="INFO">Typing text 'Testing' into text field 'xpath://input[@id='pwd']'.</msg>
<status status="PASS" starttime="20220419 08:35:09.506" endtime="20220419 08:35:09.633"/>
</kw>
<status status="PASS" starttime="20220419 08:35:09.439" endtime="20220419 08:35:09.633"/>
</kw>
<kw name="Click on Login button" library="keywords">
<kw name="Wait Until Element Is Enabled" library="SeleniumLibrary">
<arg>${LOGINBUTTON}</arg>
<arg>10s</arg>
<doc>Waits until the element ``locator`` is enabled.</doc>
<status status="PASS" starttime="20220419 08:35:09.634" endtime="20220419 08:35:09.683"/>
</kw>
<kw name="Click Element" library="SeleniumLibrary">
<arg>${LOGINBUTTON}</arg>
<doc>Click the element identified by ``locator``.</doc>
<msg timestamp="20220419 08:35:09.684" level="INFO">Clicking element 'xpath://button[@type='submit']//div[@class='ds-button__content-wrapper']'.</msg>
<status status="PASS" starttime="20220419 08:35:09.683" endtime="20220419 08:35:09.782"/>
</kw>
<status status="PASS" starttime="20220419 08:35:09.633" endtime="20220419 08:35:09.782"/>
</kw>
<kw name="Assert displayed error message is correct" library="keywords">
<kw name="Sleep" library="BuiltIn">
<arg>4s</arg>
<doc>Pauses the test executed for the given time.</doc>
<msg timestamp="20220419 08:35:13.785" level="INFO">Slept 4 seconds</msg>
<status status="PASS" starttime="20220419 08:35:09.783" endtime="20220419 08:35:13.785"/>
</kw>
<kw name="Wait Until Element Is Enabled" library="SeleniumLibrary">
<arg>${ERROR_MESSAGE}</arg>
<arg>10s</arg>
<doc>Waits until the element ``locator`` is enabled.</doc>
<status status="PASS" starttime="20220419 08:35:13.785" endtime="20220419 08:35:13.822"/>
</kw>
<kw name="Page Should Contain" library="SeleniumLibrary">
<arg>Incorrect username or password. If you have forgotten your password, please click Problems logging in -link.</arg>
<doc>Verifies that current page contains ``text``.</doc>
<msg timestamp="20220419 08:35:13.836" level="INFO">Current page contains text 'Incorrect username or password. If you have forgotten your password, please click Problems logging in -link.'.</msg>
<status status="PASS" starttime="20220419 08:35:13.822" endtime="20220419 08:35:13.837"/>
</kw>
<status status="PASS" starttime="20220419 08:35:09.782" endtime="20220419 08:35:13.837"/>
</kw>
<kw name="Close All Browsers" library="SeleniumLibrary">
<doc>Closes all open browsers and resets the browser cache.</doc>
<status status="PASS" starttime="20220419 08:35:13.837" endtime="20220419 08:35:13.989"/>
</kw>
<tag>LOGIN_FAILED</tag>
<status status="PASS" starttime="20220419 08:35:04.557" endtime="20220419 08:35:13.990"/>
</test>
<doc>Noona Demo APP Tests</doc>
<status status="PASS" starttime="20220419 08:34:54.450" endtime="20220419 08:35:13.994"/>
</suite>
<statistics>
<total>
<stat pass="2" fail="0" skip="0">All Tests</stat>
</total>
<tag>
<stat pass="1" fail="0" skip="0">LOGIN_FAILED</stat>
<stat pass="1" fail="0" skip="0">PGLOAD</stat>
</tag>
<suite>
<stat pass="2" fail="0" skip="0" id="s1" name="Noona Tests">Noona Tests</stat>
</suite>
</statistics>
<errors>
</errors>
</robot>
