<?xml version="1.0" encoding="UTF-8"?>
<robot generator="Robot 4.1.3 (Python 3.9.10 on darwin)" generated="20220414 23:54:58.094" rpa="false" schemaversion="2">
<suite id="s1" name="Noona Tests" source="/Users/neptune/PycharmProjects/Varian_demoApp/noona_tests.robot">
<test id="s1-t1" name="Check that page is correctly loaded">
<kw name="Navigate to Login page" library="keywords">
<kw name="Open Browser" library="SeleniumLibrary">
<arg>${URL}</arg>
<arg>${BROWSER}</arg>
<doc>Opens a new browser instance to the optional ``url``.</doc>
<msg timestamp="20220414 23:54:59.338" level="INFO">Opening browser 'chrome' to base url 'https://demo.patient.noonatest.com/patient/#/login'.</msg>
<status status="PASS" starttime="20220414 23:54:59.337" endtime="20220414 23:55:04.245"/>
</kw>
<status status="PASS" starttime="20220414 23:54:59.337" endtime="20220414 23:55:04.246"/>
</kw>
<kw name="Maximize window" library="keywords">
<kw name="Maximize Browser Window" library="SeleniumLibrary">
<doc>Maximizes current browser window.</doc>
<status status="PASS" starttime="20220414 23:55:04.247" endtime="20220414 23:55:04.438"/>
</kw>
<status status="PASS" starttime="20220414 23:55:04.246" endtime="20220414 23:55:04.439"/>
</kw>
<kw name="Assert that page is correctly loaded" library="keywords">
<kw name="Wait Until Element Is Enabled" library="SeleniumLibrary">
<arg>${LANGUAGE_SELECTOR}</arg>
<arg>10s</arg>
<doc>Waits until the element ``locator`` is enabled.</doc>
<status status="PASS" starttime="20220414 23:55:04.440" endtime="20220414 23:55:04.880"/>
</kw>
<kw name="Wait Until Element Is Visible" library="SeleniumLibrary">
<arg>${NOONA_PAGE_LOGO}</arg>
<arg>10s</arg>
<doc>Waits until the element ``locator`` is visible.</doc>
<status status="PASS" starttime="20220414 23:55:04.880" endtime="20220414 23:55:05.168"/>
</kw>
<kw name="Wait Until Element Is Visible" library="SeleniumLibrary">
<arg>${EMAIL_FIELD}</arg>
<arg>10s</arg>
<doc>Waits until the element ``locator`` is visible.</doc>
<status status="PASS" starttime="20220414 23:55:05.168" endtime="20220414 23:55:05.193"/>
</kw>
<kw name="Wait Until Element Is Enabled" library="SeleniumLibrary">
<arg>${EMAIL_FIELD}</arg>
<arg>10s</arg>
<doc>Waits until the element ``locator`` is enabled.</doc>
<status status="PASS" starttime="20220414 23:55:05.194" endtime="20220414 23:55:05.222"/>
</kw>
<kw name="Wait Until Element Is Visible" library="SeleniumLibrary">
<arg>${PASSWORD_FIELD}</arg>
<arg>10s</arg>
<doc>Waits until the element ``locator`` is visible.</doc>
<status status="PASS" starttime="20220414 23:55:05.222" endtime="20220414 23:55:05.243"/>
</kw>
<kw name="Wait Until Element Is Enabled" library="SeleniumLibrary">
<arg>${PASSWORD_FIELD}</arg>
<arg>10s</arg>
<doc>Waits until the element ``locator`` is enabled.</doc>
<status status="PASS" starttime="20220414 23:55:05.243" endtime="20220414 23:55:05.269"/>
</kw>
<kw name="Wait Until Element Is Visible" library="SeleniumLibrary">
<arg>${LOGINBUTTON}</arg>
<arg>10s</arg>
<doc>Waits until the element ``locator`` is visible.</doc>
<status status="PASS" starttime="20220414 23:55:05.269" endtime="20220414 23:55:05.294"/>
</kw>
<kw name="Wait Until Element Is Enabled" library="SeleniumLibrary">
<arg>${PROBLEMS_LOGGIN_IN}</arg>
<arg>10s</arg>
<doc>Waits until the element ``locator`` is enabled.</doc>
<status status="PASS" starttime="20220414 23:55:05.294" endtime="20220414 23:55:05.323"/>
</kw>
<kw name="Wait Until Element Is Enabled" library="SeleniumLibrary">
<arg>${DONT_HAVE_AN_ACCT}</arg>
<arg>10s</arg>
<doc>Waits until the element ``locator`` is enabled.</doc>
<status status="PASS" starttime="20220414 23:55:05.323" endtime="20220414 23:55:05.358"/>
</kw>
<kw name="Wait Until Element Is Enabled" library="SeleniumLibrary">
<arg>${PRIVACY_STATEMENT}</arg>
<arg>10s</arg>
<doc>Waits until the element ``locator`` is enabled.</doc>
<status status="PASS" starttime="20220414 23:55:05.358" endtime="20220414 23:55:05.388"/>
</kw>
<kw name="Wait Until Element Is Enabled" library="SeleniumLibrary">
<arg>${ABOUT}</arg>
<arg>10s</arg>
<doc>Waits until the element ``locator`` is enabled.</doc>
<status status="PASS" starttime="20220414 23:55:05.389" endtime="20220414 23:55:05.417"/>
</kw>
<kw name="Page Should Contain" library="SeleniumLibrary">
<arg>Language</arg>
<doc>Verifies that current page contains ``text``.</doc>
<msg timestamp="20220414 23:55:05.432" level="INFO">Current page contains text 'Language'.</msg>
<status status="PASS" starttime="20220414 23:55:05.417" endtime="20220414 23:55:05.432"/>
</kw>
<kw name="Page Should Contain" library="SeleniumLibrary">
<arg>Welcome to Noona</arg>
<doc>Verifies that current page contains ``text``.</doc>
<msg timestamp="20220414 23:55:05.446" level="INFO">Current page contains text 'Welcome to Noona'.</msg>
<status status="PASS" starttime="20220414 23:55:05.432" endtime="20220414 23:55:05.446"/>
</kw>
<kw name="Page Should Contain" library="SeleniumLibrary">
<arg>Please enter your email address and password.</arg>
<doc>Verifies that current page contains ``text``.</doc>
<msg timestamp="20220414 23:55:05.461" level="INFO">Current page contains text 'Please enter your email address and password.'.</msg>
<status status="PASS" starttime="20220414 23:55:05.447" endtime="20220414 23:55:05.461"/>
</kw>
<kw name="Page Should Contain" library="SeleniumLibrary">
<arg>2022 Varian Medical Systems, Inc.</arg>
<doc>Verifies that current page contains ``text``.</doc>
<msg timestamp="20220414 23:55:05.475" level="INFO">Current page contains text '2022 Varian Medical Systems, Inc.'.</msg>
<status status="PASS" starttime="20220414 23:55:05.461" endtime="20220414 23:55:05.475"/>
</kw>
<status status="PASS" starttime="20220414 23:55:04.439" endtime="20220414 23:55:05.476"/>
</kw>
<tag>PGLOAD</tag>
<status status="PASS" starttime="20220414 23:54:59.336" endtime="20220414 23:55:05.476"/>
</test>
<test id="s1-t2" name="Invalid login credentials should return the right error message">
<kw name="Enter an invalid login email address" library="keywords">
<kw name="Email" library="FakerLibrary">
<var>${email}</var>
<msg timestamp="20220414 23:55:05.481" level="INFO">${email} = nathankelley@example.com</msg>
<status status="PASS" starttime="20220414 23:55:05.478" endtime="20220414 23:55:05.481"/>
</kw>
<kw name="Log" library="BuiltIn">
<arg>${email}</arg>
<doc>Logs the given message with the given level.</doc>
<msg timestamp="20220414 23:55:05.481" level="INFO">nathankelley@example.com</msg>
<status status="PASS" starttime="20220414 23:55:05.481" endtime="20220414 23:55:05.482"/>
</kw>
<kw name="Set Test Variable" library="BuiltIn">
<arg>${email}</arg>
<doc>Makes a variable available everywhere within the scope of the current test.</doc>
<msg timestamp="20220414 23:55:05.482" level="INFO">${email} = nathankelley@example.com</msg>
<status status="PASS" starttime="20220414 23:55:05.482" endtime="20220414 23:55:05.482"/>
</kw>
<kw name="Wait Until Element Is Enabled" library="SeleniumLibrary">
<arg>${EMAIL_FIELD}</arg>
<arg>10s</arg>
<doc>Waits until the element ``locator`` is enabled.</doc>
<status status="PASS" starttime="20220414 23:55:05.482" endtime="20220414 23:55:05.509"/>
</kw>
<kw name="Input Text" library="SeleniumLibrary">
<arg>${EMAIL_FIELD}</arg>
<arg>${email}</arg>
<doc>Types the given ``text`` into the text field identified by ``locator``.</doc>
<msg timestamp="20220414 23:55:05.510" level="INFO">Typing text 'nathankelley@example.com' into text field 'xpath://input[@id='email']'.</msg>
<status status="PASS" starttime="20220414 23:55:05.509" endtime="20220414 23:55:05.830"/>
</kw>
<status status="PASS" starttime="20220414 23:55:05.478" endtime="20220414 23:55:05.831"/>
</kw>
<kw name="Enter an invalid login password" library="keywords">
<kw name="Wait Until Element Is Enabled" library="SeleniumLibrary">
<arg>${PASSWORD_FIELD}</arg>
<arg>10s</arg>
<doc>Waits until the element ``locator`` is enabled.</doc>
<status status="PASS" starttime="20220414 23:55:05.832" endtime="20220414 23:55:05.876"/>
</kw>
<kw name="Input Text" library="SeleniumLibrary">
<arg>${PASSWORD_FIELD}</arg>
<arg>Testing</arg>
<doc>Types the given ``text`` into the text field identified by ``locator``.</doc>
<msg timestamp="20220414 23:55:05.877" level="INFO">Typing text 'Testing' into text field 'xpath://input[@id='pwd']'.</msg>
<status status="PASS" starttime="20220414 23:55:05.876" endtime="20220414 23:55:06.002"/>
</kw>
<status status="PASS" starttime="20220414 23:55:05.831" endtime="20220414 23:55:06.002"/>
</kw>
<kw name="CLick on Login button and assert error message" library="keywords">
<kw name="Wait Until Element Is Enabled" library="SeleniumLibrary">
<arg>${LOGINBUTTON}</arg>
<arg>10s</arg>
<doc>Waits until the element ``locator`` is enabled.</doc>
<status status="PASS" starttime="20220414 23:55:06.003" endtime="20220414 23:55:06.042"/>
</kw>
<kw name="Click Element" library="SeleniumLibrary">
<arg>${LOGINBUTTON}</arg>
<doc>Click the element identified by ``locator``.</doc>
<msg timestamp="20220414 23:55:06.043" level="INFO">Clicking element 'xpath://button[@type='submit']//div[@class='ds-button__content-wrapper']'.</msg>
<status status="PASS" starttime="20220414 23:55:06.042" endtime="20220414 23:55:06.163"/>
</kw>
<kw name="Wait Until Element Is Enabled" library="SeleniumLibrary">
<arg>${ERROR_MESSAGE}</arg>
<arg>10s</arg>
<doc>Waits until the element ``locator`` is enabled.</doc>
<status status="PASS" starttime="20220414 23:55:06.163" endtime="20220414 23:55:06.461"/>
</kw>
<kw name="Page Should Contain" library="SeleniumLibrary">
<arg>Incorrect username or password. If you have forgotten your password, please click Problems logging in -link.</arg>
<doc>Verifies that current page contains ``text``.</doc>
<msg timestamp="20220414 23:55:06.487" level="INFO">Current page contains text 'Incorrect username or password. If you have forgotten your password, please click Problems logging in -link.'.</msg>
<status status="PASS" starttime="20220414 23:55:06.461" endtime="20220414 23:55:06.487"/>
</kw>
<status status="PASS" starttime="20220414 23:55:06.003" endtime="20220414 23:55:06.488"/>
</kw>
<tag>LOGIN_FAILED</tag>
<status status="PASS" starttime="20220414 23:55:05.477" endtime="20220414 23:55:06.488"/>
</test>
<doc>Noona Demo APP Tests</doc>
<status status="PASS" starttime="20220414 23:54:58.097" endtime="20220414 23:55:06.490"/>
</suite>
<statistics>
<total>
<stat pass="2" fail="0" skip="0">All Tests</stat>
</total>
<tag>
<stat pass="1" fail="0" skip="0">LOGIN_FAILED</stat>
<stat pass="1" fail="0" skip="0">PGLOAD</stat>
</tag>
<suite>
<stat pass="2" fail="0" skip="0" id="s1" name="Noona Tests">Noona Tests</stat>
</suite>
</statistics>
<errors>
</errors>
</robot>
